<?xml version="1.0" encoding="UTF-8"?>
<testng-results ignored="0" total="1" passed="1" failed="0" skipped="0">
  <reporter-output>
  </reporter-output>
  <suite started-at="2021-08-05T14:08:28Z" name="Default suite" finished-at="2021-08-05T14:08:28Z" duration-ms="157">
    <groups>
    </groups>
    <test started-at="2021-08-05T14:08:28Z" name="Default test" finished-at="2021-08-05T14:08:28Z" duration-ms="157">
      <class name="org.base.BaseClass">
        <test-method signature="tc01()[pri:0, instance:org.base.BaseClass@52719fb6]" started-at="2021-08-05T14:08:28Z" name="tc01" finished-at="2021-08-05T14:08:28Z" duration-ms="67" status="PASS">
          <reporter-output>
          </reporter-output>
        </test-method> <!-- tc01 -->
      </class> <!-- org.base.BaseClass -->
    </test> <!-- Default test -->
  </suite> <!-- Default suite -->
</testng-results>
